c:\users\barhancet\source\repos\casse-brique\casse-brique\x64\debug\vc143.pdb
c:\users\barhancet\source\repos\casse-brique\casse-brique\x64\debug\vc143.idb
c:\users\barhancet\source\repos\casse-brique\casse-brique\x64\debug\rectangle.obj
c:\users\barhancet\source\repos\casse-brique\casse-brique\x64\debug\math.obj
c:\users\barhancet\source\repos\casse-brique\casse-brique\x64\debug\main.obj
c:\users\barhancet\source\repos\casse-brique\casse-brique\x64\debug\gameobject.obj
c:\users\barhancet\source\repos\casse-brique\casse-brique\x64\debug\game.obj
c:\users\barhancet\source\repos\casse-brique\casse-brique\x64\debug\circle.obj
c:\users\barhancet\source\repos\casse-brique\casse-brique\x64\debug\filemanager.obj
c:\users\barhancet\source\repos\casse-brique\casse-brique\x64\debug\brick.obj
c:\users\barhancet\source\repos\casse-brique\x64\debug\casse-brique.exe
c:\users\barhancet\source\repos\casse-brique\casse-brique\x64\debug\casse-brique.ilk
c:\users\barhancet\source\repos\casse-brique\x64\debug\casse-brique.pdb
c:\users\barhancet\source\repos\casse-brique\casse-brique\x64\debug\casse-brique.tlog\cl.command.1.tlog
c:\users\barhancet\source\repos\casse-brique\casse-brique\x64\debug\casse-brique.tlog\cl.items.tlog
c:\users\barhancet\source\repos\casse-brique\casse-brique\x64\debug\casse-brique.tlog\cl.read.1.tlog
c:\users\barhancet\source\repos\casse-brique\casse-brique\x64\debug\casse-brique.tlog\cl.write.1.tlog
c:\users\barhancet\source\repos\casse-brique\casse-brique\x64\debug\casse-brique.tlog\link.command.1.tlog
c:\users\barhancet\source\repos\casse-brique\casse-brique\x64\debug\casse-brique.tlog\link.read.1.tlog
c:\users\barhancet\source\repos\casse-brique\casse-brique\x64\debug\casse-brique.tlog\link.write.1.tlog
